# JRE version: OpenJDK Runtime Environment (8.0_152-b02) (build 1.8.0_152-release-1024-b02)
# Java VM: OpenJDK 64-Bit Server VM (25.152-b02 mixed mode windows-amd64 compressed oops)
Heap:
 PSYoungGen      total 337920K, used 87434K [0x00000000e0000000, 0x00000000fba00000, 0x0000000100000000)
  eden space 261632K, 26% used [0x00000000e0000000,0x00000000e4452e88,0x00000000eff80000)
  from space 76288K, 22% used [0x00000000eff80000,0x00000000f108fb98,0x00000000f4a00000)
  to   space 71680K, 0% used [0x00000000f7400000,0x00000000f7400000,0x00000000fba00000)
 ParOldGen       total 150016K, used 130110K [0x00000000a0000000, 0x00000000a9280000, 0x00000000e0000000)
  object space 150016K, 86% used [0x00000000a0000000,0x00000000a7f0f908,0x00000000a9280000)
 Metaspace       used 131313K, capacity 140393K, committed 140632K, reserved 1171456K
  class space    used 16639K, capacity 18490K, committed 18560K, reserved 1048576K
GC Heap History (10 events):
Event: 3187.048 GC heap before
{Heap before GC invocations=55 (full 4):
 PSYoungGen      total 267776K, used 187133K [0x00000000e0000000, 0x00000000f5a80000, 0x0000000100000000)
  eden space 184320K, 99% used [0x00000000e0000000,0x00000000eb3b41e8,0x00000000eb400000)
  from space 83456K, 3% used [0x00000000f0580000,0x00000000f088b378,0x00000000f5700000)
  to   space 83456K, 0% used [0x00000000eb400000,0x00000000eb400000,0x00000000f0580000)
 ParOldGen       total 150016K, used 117536K [0x00000000a0000000, 0x00000000a9280000, 0x00000000e0000000)
  object space 150016K, 78% used [0x00000000a0000000,0x00000000a72c8188,0x00000000a9280000)
 Metaspace       used 127376K, capacity 135637K, committed 135896K, reserved 1167360K
  class space    used 16198K, capacity 17851K, committed 17920K, reserved 1048576K
Event: 3187.055 GC heap after
Heap after GC invocations=55 (full 4):
 PSYoungGen      total 267776K, used 2043K [0x00000000e0000000, 0x00000000f7b00000, 0x0000000100000000)
  eden space 184320K, 0% used [0x00000000e0000000,0x00000000e0000000,0x00000000eb400000)
  from space 83456K, 2% used [0x00000000eb400000,0x00000000eb5fef78,0x00000000f0580000)
  to   space 83456K, 0% used [0x00000000f2980000,0x00000000f2980000,0x00000000f7b00000)
 ParOldGen       total 150016K, used 118504K [0x00000000a0000000, 0x00000000a9280000, 0x00000000e0000000)
  object space 150016K, 78% used [0x00000000a0000000,0x00000000a73ba1a0,0x00000000a9280000)
 Metaspace       used 127376K, capacity 135637K, committed 135896K, reserved 1167360K
  class space    used 16198K, capacity 17851K, committed 17920K, reserved 1048576K
}
Event: 4511.798 GC heap before
{Heap before GC invocations=56 (full 4):
 PSYoungGen      total 267776K, used 186363K [0x00000000e0000000, 0x00000000f7b00000, 0x0000000100000000)
  eden space 184320K, 100% used [0x00000000e0000000,0x00000000eb400000,0x00000000eb400000)
  from space 83456K, 2% used [0x00000000eb400000,0x00000000eb5fef78,0x00000000f0580000)
  to   space 83456K, 0% used [0x00000000f2980000,0x00000000f2980000,0x00000000f7b00000)
 ParOldGen       total 150016K, used 118504K [0x00000000a0000000, 0x00000000a9280000, 0x00000000e0000000)
  object space 150016K, 78% used [0x00000000a0000000,0x00000000a73ba1a0,0x00000000a9280000)
 Metaspace       used 127810K, capacity 136241K, committed 136536K, reserved 1167360K
  class space    used 16250K, capacity 17973K, committed 18048K, reserved 1048576K
Event: 4511.907 GC heap after
Heap after GC invocations=56 (full 4):
 PSYoungGen      total 300544K, used 2864K [0x00000000e0000000, 0x00000000f7780000, 0x0000000100000000)
  eden space 220672K, 0% used [0x00000000e0000000,0x00000000e0000000,0x00000000ed780000)
  from space 79872K, 3% used [0x00000000f2980000,0x00000000f2c4c010,0x00000000f7780000)
  to   space 81920K, 0% used [0x00000000ed780000,0x00000000ed780000,0x00000000f2780000)
 ParOldGen       total 150016K, used 118817K [0x00000000a0000000, 0x00000000a9280000, 0x00000000e0000000)
  object space 150016K, 79% used [0x00000000a0000000,0x00000000a74086c0,0x00000000a9280000)
 Metaspace       used 127810K, capacity 136241K, committed 136536K, reserved 1167360K
  class space    used 16250K, capacity 17973K, committed 18048K, reserved 1048576K
}
Event: 4551.570 GC heap before
{Heap before GC invocations=57 (full 4):
 PSYoungGen      total 300544K, used 223536K [0x00000000e0000000, 0x00000000f7780000, 0x0000000100000000)
  eden space 220672K, 100% used [0x00000000e0000000,0x00000000ed780000,0x00000000ed780000)
  from space 79872K, 3% used [0x00000000f2980000,0x00000000f2c4c010,0x00000000f7780000)
  to   space 81920K, 0% used [0x00000000ed780000,0x00000000ed780000,0x00000000f2780000)
 ParOldGen       total 150016K, used 118817K [0x00000000a0000000, 0x00000000a9280000, 0x00000000e0000000)
  object space 150016K, 79% used [0x00000000a0000000,0x00000000a74086c0,0x00000000a9280000)
 Metaspace       used 128300K, capacity 136735K, committed 136792K, reserved 1167360K
  class space    used 16296K, capacity 18020K, committed 18048K, reserved 1048576K
Event: 4551.641 GC heap after
Heap after GC invocations=57 (full 4):
 PSYoungGen      total 302592K, used 7389K [0x00000000e0000000, 0x00000000f9b80000, 0x0000000100000000)
  eden space 220672K, 0% used [0x00000000e0000000,0x00000000e0000000,0x00000000ed780000)
  from space 81920K, 9% used [0x00000000ed780000,0x00000000edeb7570,0x00000000f2780000)
  to   space 79360K, 0% used [0x00000000f4e00000,0x00000000f4e00000,0x00000000f9b80000)
 ParOldGen       total 150016K, used 119081K [0x00000000a0000000, 0x00000000a9280000, 0x00000000e0000000)
  object space 150016K, 79% used [0x00000000a0000000,0x00000000a744a6f0,0x00000000a9280000)
 Metaspace       used 128300K, capacity 136735K, committed 136792K, reserved 1167360K
  class space    used 16296K, capacity 18020K, committed 18048K, reserved 1048576K
}
Event: 4946.111 GC heap before
{Heap before GC invocations=58 (full 4):
 PSYoungGen      total 302592K, used 228061K [0x00000000e0000000, 0x00000000f9b80000, 0x0000000100000000)
  eden space 220672K, 100% used [0x00000000e0000000,0x00000000ed780000,0x00000000ed780000)
  from space 81920K, 9% used [0x00000000ed780000,0x00000000edeb7570,0x00000000f2780000)
  to   space 79360K, 0% used [0x00000000f4e00000,0x00000000f4e00000,0x00000000f9b80000)
 ParOldGen       total 150016K, used 119081K [0x00000000a0000000, 0x00000000a9280000, 0x00000000e0000000)
  object space 150016K, 79% used [0x00000000a0000000,0x00000000a744a6f0,0x00000000a9280000)
 Metaspace       used 129128K, capacity 138013K, committed 138328K, reserved 1169408K
  class space    used 16403K, capacity 18210K, committed 18304K, reserved 1048576K
Event: 4946.585 GC heap after
Heap after GC invocations=58 (full 4):
 PSYoungGen      total 333824K, used 11871K [0x00000000e0000000, 0x00000000f9480000, 0x0000000100000000)
  eden space 261632K, 0% used [0x00000000e0000000,0x00000000e0000000,0x00000000eff80000)
  from space 72192K, 16% used [0x00000000f4e00000,0x00000000f5997d70,0x00000000f9480000)
  to   space 76288K, 0% used [0x00000000eff80000,0x00000000eff80000,0x00000000f4a00000)
 ParOldGen       total 150016K, used 119958K [0x00000000a0000000, 0x00000000a9280000, 0x00000000e0000000)
  object space 150016K, 79% used [0x00000000a0000000,0x00000000a7525a08,0x00000000a9280000)
 Metaspace       used 129128K, capacity 138013K, committed 138328K, reserved 1169408K
  class space    used 16403K, capacity 18210K, committed 18304K, reserved 1048576K
}
Event: 4978.426 GC heap before
{Heap before GC invocations=59 (full 4):
 PSYoungGen      total 333824K, used 273503K [0x00000000e0000000, 0x00000000f9480000, 0x0000000100000000)
  eden space 261632K, 100% used [0x00000000e0000000,0x00000000eff80000,0x00000000eff80000)
  from space 72192K, 16% used [0x00000000f4e00000,0x00000000f5997d70,0x00000000f9480000)
  to   space 76288K, 0% used [0x00000000eff80000,0x00000000eff80000,0x00000000f4a00000)
 ParOldGen       total 150016K, used 119958K [0x00000000a0000000, 0x00000000a9280000, 0x00000000e0000000)
  object space 150016K, 79% used [0x00000000a0000000,0x00000000a7525a08,0x00000000a9280000)
 Metaspace       used 130453K, capacity 139439K, committed 139736K, reserved 1171456K
  class space    used 16540K, capacity 18375K, committed 18432K, reserved 1048576K
Event: 4979.382 GC heap after
Heap after GC invocations=59 (full 4):
 PSYoungGen      total 337920K, used 17470K [0x00000000e0000000, 0x00000000fba00000, 0x0000000100000000)
  eden space 261632K, 0% used [0x00000000e0000000,0x00000000e0000000,0x00000000eff80000)
  from space 76288K, 22% used [0x00000000eff80000,0x00000000f108fb98,0x00000000f4a00000)
  to   space 71680K, 0% used [0x00000000f7400000,0x00000000f7400000,0x00000000fba00000)
 ParOldGen       total 150016K, used 130110K [0x00000000a0000000, 0x00000000a9280000, 0x00000000e0000000)
  object space 150016K, 86% used [0x00000000a0000000,0x00000000a7f0f908,0x00000000a9280000)
 Metaspace       used 130453K, capacity 139439K, committed 139736K, reserved 1171456K
  class space    used 16540K, capacity 18375K, committed 18432K, reserved 1048576K
}

